"2024-08-13 17:33:47,017 INFO  [main] com.team02.best_properta.BestPropertaApplication:Starting BestPropertaApplication using Java 17.0.9 with PID 10880 (C:\Users\90546\IdeaProjects\best_properta\target\classes started by 90546 in C:\Users\90546\IdeaProjects\best_properta)
""2024-08-13 17:33:47,033 INFO  [main] com.team02.best_properta.BestPropertaApplication:No active profile set, falling back to 1 default profile: "default"
""2024-08-13 17:33:47,962 INFO  [main] org.springframework.data.repository.config.RepositoryConfigurationDelegate:Bootstrapping Spring Data JPA repositories in DEFAULT mode.
""2024-08-13 17:33:47,995 INFO  [main] org.springframework.data.repository.config.RepositoryConfigurationDelegate:Finished Spring Data repository scanning in 23 ms. Found 0 JPA repository interfaces.
""2024-08-13 17:33:49,110 INFO  [main] org.springframework.boot.web.embedded.tomcat.TomcatWebServer:Tomcat initialized with port 8080 (http)
""2024-08-13 17:33:49,126 INFO  [main] org.apache.catalina.core.StandardService:Starting service [Tomcat]
""2024-08-13 17:33:49,127 INFO  [main] org.apache.catalina.core.StandardEngine:Starting Servlet engine: [Apache Tomcat/10.1.26]
""2024-08-13 17:33:49,297 INFO  [main] org.apache.catalina.core.ContainerBase.[Tomcat].[localhost].[/]:Initializing Spring embedded WebApplicationContext
""2024-08-13 17:33:49,298 INFO  [main] org.springframework.boot.web.servlet.context.ServletWebServerApplicationContext:Root WebApplicationContext: initialization completed in 2205 ms
""2024-08-13 17:33:49,530 INFO  [main] org.hibernate.jpa.internal.util.LogHelper:HHH000204: Processing PersistenceUnitInfo [name: default]
""2024-08-13 17:33:49,622 INFO  [main] org.hibernate.Version:HHH000412: Hibernate ORM core version 6.5.2.Final
""2024-08-13 17:33:49,678 INFO  [main] org.hibernate.cache.internal.RegionFactoryInitiator:HHH000026: Second-level cache disabled
""2024-08-13 17:33:50,148 INFO  [main] org.springframework.orm.jpa.persistenceunit.SpringPersistenceUnitInfo:No LoadTimeWeaver setup: ignoring JPA class transformer
""2024-08-13 17:33:50,213 INFO  [main] com.zaxxer.hikari.HikariDataSource:HikariPool-1 - Starting...
""2024-08-13 17:33:50,566 INFO  [main] com.zaxxer.hikari.pool.HikariPool:HikariPool-1 - Added connection org.postgresql.jdbc.PgConnection@59f45950
""2024-08-13 17:33:50,569 INFO  [main] com.zaxxer.hikari.HikariDataSource:HikariPool-1 - Start completed.
""2024-08-13 17:33:50,671 WARN  [main] org.hibernate.orm.deprecation:HHH90000025: PostgreSQLDialect does not need to be specified explicitly using 'hibernate.dialect' (remove the property setting and it will be selected by default)
""2024-08-13 17:33:51,221 INFO  [main] org.hibernate.engine.transaction.jta.platform.internal.JtaPlatformInitiator:HHH000489: No JTA platform available (set 'hibernate.transaction.jta.platform' to enable JTA platform integration)
""2024-08-13 17:33:51,228 INFO  [main] org.springframework.orm.jpa.LocalContainerEntityManagerFactoryBean:Initialized JPA EntityManagerFactory for persistence unit 'default'
""2024-08-13 17:33:51,296 WARN  [main] org.springframework.boot.autoconfigure.orm.jpa.JpaBaseConfiguration$JpaWebConfiguration:spring.jpa.open-in-view is enabled by default. Therefore, database queries may be performed during view rendering. Explicitly configure spring.jpa.open-in-view to disable this warning
""2024-08-13 17:33:51,837 WARN  [main] org.springframework.boot.autoconfigure.security.servlet.UserDetailsServiceAutoConfiguration:

Using generated security password: be6c08a4-da5e-44d6-8357-2db71b08fbbb

This generated password is for development use only. Your security configuration must be updated before running your application in production.

""2024-08-13 17:33:51,861 INFO  [main] org.springframework.security.config.annotation.authentication.configuration.InitializeUserDetailsBeanManagerConfigurer$InitializeUserDetailsManagerConfigurer:Global AuthenticationManager configured with UserDetailsService bean with name inMemoryUserDetailsManager
""2024-08-13 17:33:52,148 INFO  [main] org.springframework.boot.web.embedded.tomcat.TomcatWebServer:Tomcat started on port 8080 (http) with context path '/'
""2024-08-13 17:33:52,165 INFO  [main] com.team02.best_properta.BestPropertaApplication:Started BestPropertaApplication in 5.731 seconds (process running for 6.209)
""2024-08-13 17:33:56,500 INFO  [SpringApplicationShutdownHook] org.springframework.orm.jpa.LocalContainerEntityManagerFactoryBean:Closing JPA EntityManagerFactory for persistence unit 'default'
""2024-08-13 17:33:56,503 INFO  [SpringApplicationShutdownHook] com.zaxxer.hikari.HikariDataSource:HikariPool-1 - Shutdown initiated...
""2024-08-13 17:33:56,510 INFO  [SpringApplicationShutdownHook] com.zaxxer.hikari.HikariDataSource:HikariPool-1 - Shutdown completed.
""2024-08-13 21:41:02,044 INFO  [main] com.team02.best_properta.BestPropertaApplication:Starting BestPropertaApplication using Java 17.0.9 with PID 3648 (C:\Users\90546\IdeaProjects\best_properta\target\classes started by 90546 in C:\Users\90546\IdeaProjects\best_properta)
""2024-08-13 21:41:02,049 INFO  [main] com.team02.best_properta.BestPropertaApplication:No active profile set, falling back to 1 default profile: "default"
""2024-08-13 21:41:03,383 INFO  [main] org.springframework.data.repository.config.RepositoryConfigurationDelegate:Bootstrapping Spring Data JPA repositories in DEFAULT mode.
""2024-08-13 21:41:03,717 INFO  [main] org.springframework.data.repository.config.RepositoryConfigurationDelegate:Finished Spring Data repository scanning in 310 ms. Found 0 JPA repository interfaces.
""2024-08-13 21:41:05,114 INFO  [main] org.springframework.boot.web.embedded.tomcat.TomcatWebServer:Tomcat initialized with port 8080 (http)
""2024-08-13 21:41:05,160 INFO  [main] org.apache.catalina.core.StandardService:Starting service [Tomcat]
""2024-08-13 21:41:05,161 INFO  [main] org.apache.catalina.core.StandardEngine:Starting Servlet engine: [Apache Tomcat/10.1.26]
""2024-08-13 21:41:05,841 INFO  [main] org.apache.catalina.core.ContainerBase.[Tomcat].[localhost].[/]:Initializing Spring embedded WebApplicationContext
""2024-08-13 21:41:05,841 INFO  [main] org.springframework.boot.web.servlet.context.ServletWebServerApplicationContext:Root WebApplicationContext: initialization completed in 3718 ms
""2024-08-13 21:41:06,108 INFO  [main] org.hibernate.jpa.internal.util.LogHelper:HHH000204: Processing PersistenceUnitInfo [name: default]
""2024-08-13 21:41:06,207 INFO  [main] org.hibernate.Version:HHH000412: Hibernate ORM core version 6.5.2.Final
""2024-08-13 21:41:06,265 INFO  [main] org.hibernate.cache.internal.RegionFactoryInitiator:HHH000026: Second-level cache disabled
""2024-08-13 21:41:06,863 INFO  [main] org.springframework.orm.jpa.persistenceunit.SpringPersistenceUnitInfo:No LoadTimeWeaver setup: ignoring JPA class transformer
""2024-08-13 21:41:06,907 INFO  [main] com.zaxxer.hikari.HikariDataSource:HikariPool-1 - Starting...
""2024-08-13 21:41:07,308 INFO  [main] com.zaxxer.hikari.pool.HikariPool:HikariPool-1 - Added connection org.postgresql.jdbc.PgConnection@43e8f1c
""2024-08-13 21:41:07,312 INFO  [main] com.zaxxer.hikari.HikariDataSource:HikariPool-1 - Start completed.
""2024-08-13 21:41:07,384 WARN  [main] org.hibernate.orm.deprecation:HHH90000025: PostgreSQLDialect does not need to be specified explicitly using 'hibernate.dialect' (remove the property setting and it will be selected by default)
""2024-08-13 21:41:08,072 INFO  [main] org.hibernate.engine.transaction.jta.platform.internal.JtaPlatformInitiator:HHH000489: No JTA platform available (set 'hibernate.transaction.jta.platform' to enable JTA platform integration)
""2024-08-13 21:41:08,079 INFO  [main] org.springframework.orm.jpa.LocalContainerEntityManagerFactoryBean:Initialized JPA EntityManagerFactory for persistence unit 'default'
""2024-08-13 21:41:08,162 WARN  [main] org.springframework.boot.autoconfigure.orm.jpa.JpaBaseConfiguration$JpaWebConfiguration:spring.jpa.open-in-view is enabled by default. Therefore, database queries may be performed during view rendering. Explicitly configure spring.jpa.open-in-view to disable this warning
""2024-08-13 21:41:08,805 WARN  [main] org.springframework.boot.autoconfigure.security.servlet.UserDetailsServiceAutoConfiguration:

Using generated security password: 83f454ec-4cc2-4510-b213-f3bf91850274

This generated password is for development use only. Your security configuration must be updated before running your application in production.

""2024-08-13 21:41:08,827 INFO  [main] org.springframework.security.config.annotation.authentication.configuration.InitializeUserDetailsBeanManagerConfigurer$InitializeUserDetailsManagerConfigurer:Global AuthenticationManager configured with UserDetailsService bean with name inMemoryUserDetailsManager
""2024-08-13 21:41:09,154 INFO  [main] org.springframework.boot.web.embedded.tomcat.TomcatWebServer:Tomcat started on port 8080 (http) with context path '/'
""2024-08-13 21:41:09,176 INFO  [main] com.team02.best_properta.BestPropertaApplication:Started BestPropertaApplication in 7.888 seconds (process running for 8.653)
""2024-08-13 21:41:56,624 INFO  [SpringApplicationShutdownHook] org.springframework.orm.jpa.LocalContainerEntityManagerFactoryBean:Closing JPA EntityManagerFactory for persistence unit 'default'
""2024-08-13 21:41:56,655 INFO  [SpringApplicationShutdownHook] com.zaxxer.hikari.HikariDataSource:HikariPool-1 - Shutdown initiated...
""2024-08-13 21:41:56,680 INFO  [SpringApplicationShutdownHook] com.zaxxer.hikari.HikariDataSource:HikariPool-1 - Shutdown completed.
""2024-08-13 22:15:52,919 INFO  [main] com.team02.best_properta.BestPropertaApplication:Starting BestPropertaApplication using Java 17.0.9 with PID 3916 (C:\Users\90546\IdeaProjects\best_properta\target\classes started by 90546 in C:\Users\90546\IdeaProjects\best_properta)
""2024-08-13 22:15:52,923 INFO  [main] com.team02.best_properta.BestPropertaApplication:No active profile set, falling back to 1 default profile: "default"
""2024-08-13 22:15:54,106 INFO  [main] org.springframework.data.repository.config.RepositoryConfigurationDelegate:Bootstrapping Spring Data JPA repositories in DEFAULT mode.
""2024-08-13 22:15:54,188 INFO  [main] org.springframework.data.repository.config.RepositoryConfigurationDelegate:Finished Spring Data repository scanning in 68 ms. Found 0 JPA repository interfaces.
""2024-08-13 22:15:55,370 INFO  [main] org.springframework.boot.web.embedded.tomcat.TomcatWebServer:Tomcat initialized with port 8080 (http)
""2024-08-13 22:15:55,390 INFO  [main] org.apache.catalina.core.StandardService:Starting service [Tomcat]
""2024-08-13 22:15:55,392 INFO  [main] org.apache.catalina.core.StandardEngine:Starting Servlet engine: [Apache Tomcat/10.1.26]
""2024-08-13 22:15:55,514 INFO  [main] org.apache.catalina.core.ContainerBase.[Tomcat].[localhost].[/]:Initializing Spring embedded WebApplicationContext
""2024-08-13 22:15:55,515 INFO  [main] org.springframework.boot.web.servlet.context.ServletWebServerApplicationContext:Root WebApplicationContext: initialization completed in 2520 ms
""2024-08-13 22:15:55,786 INFO  [main] org.hibernate.jpa.internal.util.LogHelper:HHH000204: Processing PersistenceUnitInfo [name: default]
""2024-08-13 22:15:55,879 INFO  [main] org.hibernate.Version:HHH000412: Hibernate ORM core version 6.5.2.Final
""2024-08-13 22:15:55,944 INFO  [main] org.hibernate.cache.internal.RegionFactoryInitiator:HHH000026: Second-level cache disabled
""2024-08-13 22:15:56,573 INFO  [main] org.springframework.orm.jpa.persistenceunit.SpringPersistenceUnitInfo:No LoadTimeWeaver setup: ignoring JPA class transformer
""2024-08-13 22:15:56,629 INFO  [main] com.zaxxer.hikari.HikariDataSource:HikariPool-1 - Starting...
""2024-08-13 22:15:57,036 INFO  [main] com.zaxxer.hikari.pool.HikariPool:HikariPool-1 - Added connection org.postgresql.jdbc.PgConnection@53bb71e5
""2024-08-13 22:15:57,038 INFO  [main] com.zaxxer.hikari.HikariDataSource:HikariPool-1 - Start completed.
""2024-08-13 22:15:57,115 WARN  [main] org.hibernate.orm.deprecation:HHH90000025: PostgreSQLDialect does not need to be specified explicitly using 'hibernate.dialect' (remove the property setting and it will be selected by default)
""2024-08-13 22:15:59,207 INFO  [main] org.hibernate.engine.transaction.jta.platform.internal.JtaPlatformInitiator:HHH000489: No JTA platform available (set 'hibernate.transaction.jta.platform' to enable JTA platform integration)
""2024-08-13 22:15:59,489 WARN  [main] org.hibernate.engine.jdbc.spi.SqlExceptionHelper:SQL Warning Code: 0, SQLState: 00000
""2024-08-13 22:15:59,490 WARN  [main] org.hibernate.engine.jdbc.spi.SqlExceptionHelper:constraint "uki6qjjoe560mee5ajdg7v1o6mi" of relation "t_user" does not exist, skipping
""2024-08-13 22:15:59,567 INFO  [main] org.springframework.orm.jpa.LocalContainerEntityManagerFactoryBean:Initialized JPA EntityManagerFactory for persistence unit 'default'
""2024-08-13 22:15:59,647 WARN  [main] org.springframework.boot.autoconfigure.orm.jpa.JpaBaseConfiguration$JpaWebConfiguration:spring.jpa.open-in-view is enabled by default. Therefore, database queries may be performed during view rendering. Explicitly configure spring.jpa.open-in-view to disable this warning
""2024-08-13 22:16:00,346 WARN  [main] org.springframework.boot.autoconfigure.security.servlet.UserDetailsServiceAutoConfiguration:

Using generated security password: 8e34f4f6-0fb9-4c9d-9183-6d8667fe7123

This generated password is for development use only. Your security configuration must be updated before running your application in production.

""2024-08-13 22:16:00,370 INFO  [main] org.springframework.security.config.annotation.authentication.configuration.InitializeUserDetailsBeanManagerConfigurer$InitializeUserDetailsManagerConfigurer:Global AuthenticationManager configured with UserDetailsService bean with name inMemoryUserDetailsManager
""2024-08-13 22:16:00,590 WARN  [main] org.springframework.boot.web.servlet.context.AnnotationConfigServletWebServerApplicationContext:Exception encountered during context initialization - cancelling refresh attempt: org.springframework.context.ApplicationContextException: Failed to start bean 'webServerStartStop'
""2024-08-13 22:16:00,593 INFO  [main] org.springframework.orm.jpa.LocalContainerEntityManagerFactoryBean:Closing JPA EntityManagerFactory for persistence unit 'default'
""2024-08-13 22:16:00,596 INFO  [main] com.zaxxer.hikari.HikariDataSource:HikariPool-1 - Shutdown initiated...
""2024-08-13 22:16:00,613 INFO  [main] com.zaxxer.hikari.HikariDataSource:HikariPool-1 - Shutdown completed.
""2024-08-13 22:16:00,637 INFO  [main] org.springframework.boot.autoconfigure.logging.ConditionEvaluationReportLogger:

Error starting ApplicationContext. To display the condition evaluation report re-run your application with 'debug' enabled.
""2024-08-13 22:16:00,658 ERROR [main] org.springframework.boot.diagnostics.LoggingFailureAnalysisReporter:

***************************
APPLICATION FAILED TO START
***************************

Description:

Web server failed to start. Port 8080 was already in use.

Action:

Identify and stop the process that's listening on port 8080 or configure this application to listen on another port.

""2024-08-13 22:16:34,870 INFO  [main] com.team02.best_properta.BestPropertaApplication:Starting BestPropertaApplication using Java 17.0.9 with PID 1856 (C:\Users\90546\IdeaProjects\best_properta\target\classes started by 90546 in C:\Users\90546\IdeaProjects\best_properta)
""2024-08-13 22:16:34,875 INFO  [main] com.team02.best_properta.BestPropertaApplication:No active profile set, falling back to 1 default profile: "default"
""2024-08-13 22:16:36,077 INFO  [main] org.springframework.data.repository.config.RepositoryConfigurationDelegate:Bootstrapping Spring Data JPA repositories in DEFAULT mode.
""2024-08-13 22:16:36,123 INFO  [main] org.springframework.data.repository.config.RepositoryConfigurationDelegate:Finished Spring Data repository scanning in 32 ms. Found 0 JPA repository interfaces.
""2024-08-13 22:16:37,171 INFO  [main] org.springframework.boot.web.embedded.tomcat.TomcatWebServer:Tomcat initialized with port 8080 (http)
""2024-08-13 22:16:37,193 INFO  [main] org.apache.catalina.core.StandardService:Starting service [Tomcat]
""2024-08-13 22:16:37,194 INFO  [main] org.apache.catalina.core.StandardEngine:Starting Servlet engine: [Apache Tomcat/10.1.26]
""2024-08-13 22:16:37,303 INFO  [main] org.apache.catalina.core.ContainerBase.[Tomcat].[localhost].[/]:Initializing Spring embedded WebApplicationContext
""2024-08-13 22:16:37,304 INFO  [main] org.springframework.boot.web.servlet.context.ServletWebServerApplicationContext:Root WebApplicationContext: initialization completed in 2356 ms
""2024-08-13 22:16:37,588 INFO  [main] org.hibernate.jpa.internal.util.LogHelper:HHH000204: Processing PersistenceUnitInfo [name: default]
""2024-08-13 22:16:37,678 INFO  [main] org.hibernate.Version:HHH000412: Hibernate ORM core version 6.5.2.Final
""2024-08-13 22:16:37,735 INFO  [main] org.hibernate.cache.internal.RegionFactoryInitiator:HHH000026: Second-level cache disabled
""2024-08-13 22:16:38,282 INFO  [main] org.springframework.orm.jpa.persistenceunit.SpringPersistenceUnitInfo:No LoadTimeWeaver setup: ignoring JPA class transformer
""2024-08-13 22:16:38,329 INFO  [main] com.zaxxer.hikari.HikariDataSource:HikariPool-1 - Starting...
""2024-08-13 22:16:38,642 INFO  [main] com.zaxxer.hikari.pool.HikariPool:HikariPool-1 - Added connection org.postgresql.jdbc.PgConnection@3af36922
""2024-08-13 22:16:38,645 INFO  [main] com.zaxxer.hikari.HikariDataSource:HikariPool-1 - Start completed.
""2024-08-13 22:16:38,711 WARN  [main] org.hibernate.orm.deprecation:HHH90000025: PostgreSQLDialect does not need to be specified explicitly using 'hibernate.dialect' (remove the property setting and it will be selected by default)
""2024-08-13 22:16:40,932 INFO  [main] org.hibernate.engine.transaction.jta.platform.internal.JtaPlatformInitiator:HHH000489: No JTA platform available (set 'hibernate.transaction.jta.platform' to enable JTA platform integration)
""2024-08-13 22:16:41,408 INFO  [main] org.springframework.orm.jpa.LocalContainerEntityManagerFactoryBean:Initialized JPA EntityManagerFactory for persistence unit 'default'
""2024-08-13 22:16:41,485 WARN  [main] org.springframework.boot.autoconfigure.orm.jpa.JpaBaseConfiguration$JpaWebConfiguration:spring.jpa.open-in-view is enabled by default. Therefore, database queries may be performed during view rendering. Explicitly configure spring.jpa.open-in-view to disable this warning
""2024-08-13 22:16:42,049 WARN  [main] org.springframework.boot.autoconfigure.security.servlet.UserDetailsServiceAutoConfiguration:

Using generated security password: c67c0659-a38f-430e-8ac9-4fb3bbff870f

This generated password is for development use only. Your security configuration must be updated before running your application in production.

""2024-08-13 22:16:42,069 INFO  [main] org.springframework.security.config.annotation.authentication.configuration.InitializeUserDetailsBeanManagerConfigurer$InitializeUserDetailsManagerConfigurer:Global AuthenticationManager configured with UserDetailsService bean with name inMemoryUserDetailsManager
""2024-08-13 22:16:42,315 INFO  [main] org.springframework.boot.web.embedded.tomcat.TomcatWebServer:Tomcat started on port 8080 (http) with context path '/'
""2024-08-13 22:16:42,330 INFO  [main] com.team02.best_properta.BestPropertaApplication:Started BestPropertaApplication in 8.267 seconds (process running for 9.0)
""2024-08-13 22:17:36,673 INFO  [SpringApplicationShutdownHook] org.springframework.orm.jpa.LocalContainerEntityManagerFactoryBean:Closing JPA EntityManagerFactory for persistence unit 'default'
""2024-08-13 22:17:36,713 INFO  [SpringApplicationShutdownHook] com.zaxxer.hikari.HikariDataSource:HikariPool-1 - Shutdown initiated...
""2024-08-13 22:17:36,726 INFO  [SpringApplicationShutdownHook] com.zaxxer.hikari.HikariDataSource:HikariPool-1 - Shutdown completed.
"